<?xml version="1.0" encoding="UTF-8"?>
<!-- Generated by org.testng.reporters.JUnitReportReporter -->
<testsuite hostname="DESKTOP-TSIN61J" failures="0" tests="1" name="Scenario_3.TC04_Negative" time="12.930" errors="0" timestamp="2023-09-23T21:51:01 IST" skipped="0">
  <testcase classname="Scenario_3.TC04_Negative" name="formfilling" time="12.930"/>
</testsuite> <!-- Scenario_3.TC04_Negative -->
