<?xml version="1.0" encoding="UTF-8"?>
<!-- Generated by org.testng.reporters.JUnitReportReporter -->
<testsuite hostname="DESKTOP-TSIN61J" failures="0" tests="1" name="Scenario_3.TC03_Formfilling" time="16.079" errors="0" timestamp="2023-09-23T21:50:17 IST" skipped="0">
  <testcase classname="Scenario_3.TC03_Formfilling" name="formfilling" time="16.079"/>
</testsuite> <!-- Scenario_3.TC03_Formfilling -->
