<?xml version="1.0" encoding="UTF-8"?>
<!-- Generated by org.testng.reporters.JUnitReportReporter -->
<testsuite hostname="DESKTOP-TSIN61J" failures="0" tests="1" name="Scenario_1.TC01_HomePage" time="11.245" errors="0" timestamp="2023-09-23T21:42:13 IST" skipped="0">
  <testcase classname="Scenario_1.TC01_HomePage" name="verifyHomePage" time="11.245"/>
</testsuite> <!-- Scenario_1.TC01_HomePage -->
