<?xml version="1.0" encoding="UTF-8"?>
<!-- Generated by org.testng.reporters.JUnitReportReporter -->
<testsuite hostname="DESKTOP-TSIN61J" failures="0" tests="1" name="Scenario_2.TC02_Search" time="22.010" errors="0" timestamp="2023-09-24T10:02:22 IST" skipped="0">
  <testcase classname="Scenario_2.TC02_Search" name="verifyHomePage" time="22.010"/>
</testsuite> <!-- Scenario_2.TC02_Search -->
