<?xml version="1.0" encoding="UTF-8"?>
<!-- Generated by org.testng.reporters.JUnitReportReporter -->
<testsuite hostname="DESKTOP-TSIN61J" failures="0" tests="1" name="Scenario_2.TC02_Search" time="15.773" errors="0" timestamp="2023-09-23T21:49:23 IST" skipped="0">
  <testcase classname="Scenario_2.TC02_Search" name="verifyHomePage" time="15.773"/>
</testsuite> <!-- Scenario_2.TC02_Search -->
