<?xml version="1.0" encoding="UTF-8"?>
<!-- Generated by org.testng.reporters.JUnitReportReporter -->
<testsuite hostname="DESKTOP-TSIN61J" failures="0" tests="1" name="Scenario_1.TC01" time="15.056" errors="0" timestamp="2023-09-22T14:59:38 IST" skipped="0">
  <testcase classname="Scenario_1.TC01" name="verifyHomePage" time="15.056"/>
</testsuite> <!-- Scenario_1.TC01 -->
