<?xml version="1.0" encoding="UTF-8"?>
<!-- Generated by org.testng.reporters.JUnitReportReporter -->
<testsuite hostname="DESKTOP-TSIN61J" failures="0" tests="1" name="Scenario_3.TC04_Negative" time="10.112" errors="0" timestamp="2023-09-24T10:04:43 IST" skipped="0">
  <testcase classname="Scenario_3.TC04_Negative" name="formfilling" time="10.112"/>
</testsuite> <!-- Scenario_3.TC04_Negative -->
