<?xml version="1.0" encoding="UTF-8"?>
<!-- Generated by org.testng.reporters.JUnitReportReporter -->
<testsuite hostname="DESKTOP-TSIN61J" failures="0" tests="1" name="Scenario_1.TC01_HomePage" time="7.902" errors="0" timestamp="2023-09-24T10:00:23 IST" skipped="0">
  <testcase classname="Scenario_1.TC01_HomePage" name="verifyHomePage" time="7.902"/>
</testsuite> <!-- Scenario_1.TC01_HomePage -->
